I200519 15:15:23.995783 15 util/log/clog.go:1203  [config] file created at: 2020/05/19 15:15:23
I200519 15:15:23.995783 15 util/log/clog.go:1203  [config] running on machine: MININT-TNEIH76
I200519 15:15:23.995783 15 util/log/clog.go:1203  [config] binary: CockroachDB CCL v19.2.6 (x86_64-apple-darwin14, built 2020/04/06 17:59:37, go1.12.12)
I200519 15:15:23.995783 15 util/log/clog.go:1203  [config] arguments: [cockroach start --certs-dir=certs --store=node1 --listen-addr=localhost:26257 --http-addr=localhost:8100 --join=localhost:26257,localhost:26258,localhost:26259]
I200519 15:15:23.995783 15 util/log/clog.go:1203  line format: [IWEF]yymmdd hh:mm:ss.uuuuuu goid file:line msg utf8=✓
I200519 15:15:23.995782 15 storage/engine/rocksdb.go:120  RocksDB version: 6.2.1
I200519 15:15:23.996039 15 storage/engine/rocksdb.go:120  Git sha rocksdb_build_git_sha:@b7009236531fa784872f4823eabf393501e41bf2@
I200519 15:15:23.996044 15 storage/engine/rocksdb.go:120  Compile date Apr  6 2020
I200519 15:15:23.996179 15 storage/engine/rocksdb.go:120  DB SUMMARY
I200519 15:15:23.996235 15 storage/engine/rocksdb.go:120  SST files in /Users/alexanderaleksanyan/code/go/src/not_your_fathers_search_engine/node1/cockroach-temp373044753 dir, Total Num: 0, files: 
I200519 15:15:23.996240 15 storage/engine/rocksdb.go:120  Write Ahead Log file in /Users/alexanderaleksanyan/code/go/src/not_your_fathers_search_engine/node1/cockroach-temp373044753: 
I200519 15:15:23.996245 15 storage/engine/rocksdb.go:120                          Options.error_if_exists: 0
I200519 15:15:23.996248 15 storage/engine/rocksdb.go:120                        Options.create_if_missing: 1
I200519 15:15:23.996251 15 storage/engine/rocksdb.go:120                          Options.paranoid_checks: 1
I200519 15:15:23.996255 15 storage/engine/rocksdb.go:120                                      Options.env: 0xa8fd988
I200519 15:15:23.996259 15 storage/engine/rocksdb.go:120                                 Options.info_log: 0x128550a0
I200519 15:15:23.996262 15 storage/engine/rocksdb.go:120                 Options.max_file_opening_threads: 16
I200519 15:15:23.996265 15 storage/engine/rocksdb.go:120                               Options.statistics: 0x1285c158
I200519 15:15:23.996268 15 storage/engine/rocksdb.go:120                                Options.use_fsync: 0
I200519 15:15:23.996272 15 storage/engine/rocksdb.go:120                        Options.max_log_file_size: 0
I200519 15:15:23.996275 15 storage/engine/rocksdb.go:120                   Options.max_manifest_file_size: 134217728
I200519 15:15:23.996278 15 storage/engine/rocksdb.go:120                    Options.log_file_time_to_roll: 0
I200519 15:15:23.996281 15 storage/engine/rocksdb.go:120                        Options.keep_log_file_num: 1000
I200519 15:15:23.996285 15 storage/engine/rocksdb.go:120                     Options.recycle_log_file_num: 1
I200519 15:15:23.996288 15 storage/engine/rocksdb.go:120                          Options.allow_fallocate: 1
I200519 15:15:23.996291 15 storage/engine/rocksdb.go:120                         Options.allow_mmap_reads: 0
I200519 15:15:23.996294 15 storage/engine/rocksdb.go:120                        Options.allow_mmap_writes: 0
I200519 15:15:23.996298 15 storage/engine/rocksdb.go:120                         Options.use_direct_reads: 0
I200519 15:15:23.996301 15 storage/engine/rocksdb.go:120                         Options.use_direct_io_for_flush_and_compaction: 0
I200519 15:15:23.996304 15 storage/engine/rocksdb.go:120           Options.create_missing_column_families: 0
I200519 15:15:23.996308 15 storage/engine/rocksdb.go:120                               Options.db_log_dir: 
I200519 15:15:23.996314 15 storage/engine/rocksdb.go:120                                  Options.wal_dir: /Users/alexanderaleksanyan/code/go/src/not_your_fathers_search_engine/node1/cockroach-temp373044753
I200519 15:15:23.996317 15 storage/engine/rocksdb.go:120                 Options.table_cache_numshardbits: 6
I200519 15:15:23.996321 15 storage/engine/rocksdb.go:120                       Options.max_subcompactions: 1
I200519 15:15:23.996324 15 storage/engine/rocksdb.go:120                   Options.max_background_flushes: -1
I200519 15:15:23.996327 15 storage/engine/rocksdb.go:120                          Options.WAL_ttl_seconds: 0
I200519 15:15:23.996330 15 storage/engine/rocksdb.go:120                        Options.WAL_size_limit_MB: 0
I200519 15:15:23.996334 15 storage/engine/rocksdb.go:120              Options.manifest_preallocation_size: 4194304
I200519 15:15:23.996337 15 storage/engine/rocksdb.go:120                      Options.is_fd_close_on_exec: 1
I200519 15:15:23.996340 15 storage/engine/rocksdb.go:120                    Options.advise_random_on_open: 1
I200519 15:15:23.996344 15 storage/engine/rocksdb.go:120                     Options.db_write_buffer_size: 0
I200519 15:15:23.996350 15 storage/engine/rocksdb.go:120                     Options.write_buffer_manager: 0x12827060
I200519 15:15:23.996353 15 storage/engine/rocksdb.go:120          Options.access_hint_on_compaction_start: 1
I200519 15:15:23.996356 15 storage/engine/rocksdb.go:120   Options.new_table_reader_for_compaction_inputs: 0
I200519 15:15:23.996360 15 storage/engine/rocksdb.go:120            Options.random_access_max_buffer_size: 1048576
I200519 15:15:23.996363 15 storage/engine/rocksdb.go:120                       Options.use_adaptive_mutex: 0
I200519 15:15:23.996368 15 storage/engine/rocksdb.go:120                             Options.rate_limiter: 0x0
I200519 15:15:23.996373 15 storage/engine/rocksdb.go:120      Options.sst_file_manager.rate_bytes_per_sec: 0
I200519 15:15:23.996377 15 storage/engine/rocksdb.go:120                        Options.wal_recovery_mode: 0
I200519 15:15:23.996380 15 storage/engine/rocksdb.go:120                   Options.enable_thread_tracking: 0
I200519 15:15:23.996383 15 storage/engine/rocksdb.go:120                   Options.enable_pipelined_write: 0
I200519 15:15:23.996387 15 storage/engine/rocksdb.go:120          Options.allow_concurrent_memtable_write: 1
I200519 15:15:23.996390 15 storage/engine/rocksdb.go:120       Options.enable_write_thread_adaptive_yield: 1
I200519 15:15:23.996393 15 storage/engine/rocksdb.go:120              Options.write_thread_max_yield_usec: 100
I200519 15:15:23.996397 15 storage/engine/rocksdb.go:120             Options.write_thread_slow_yield_usec: 3
I200519 15:15:23.996400 15 storage/engine/rocksdb.go:120                                Options.row_cache: None
I200519 15:15:23.996403 15 storage/engine/rocksdb.go:120                               Options.wal_filter: None
I200519 15:15:23.996407 15 storage/engine/rocksdb.go:120              Options.avoid_flush_during_recovery: 0
I200519 15:15:23.996410 15 storage/engine/rocksdb.go:120              Options.allow_ingest_behind: 0
I200519 15:15:23.996413 15 storage/engine/rocksdb.go:120              Options.preserve_deletes: 0
I200519 15:15:23.996417 15 storage/engine/rocksdb.go:120              Options.two_write_queues: 0
I200519 15:15:23.996420 15 storage/engine/rocksdb.go:120              Options.manual_wal_flush: 1
I200519 15:15:23.996423 15 storage/engine/rocksdb.go:120              Options.atomic_flush: 0
I200519 15:15:23.996426 15 storage/engine/rocksdb.go:120              Options.avoid_unnecessary_blocking_io: 0
I200519 15:15:23.996430 15 storage/engine/rocksdb.go:120              Options.max_background_jobs: 4
I200519 15:15:23.996433 15 storage/engine/rocksdb.go:120              Options.max_background_compactions: -1
I200519 15:15:23.996436 15 storage/engine/rocksdb.go:120              Options.avoid_flush_during_shutdown: 0
I200519 15:15:23.996440 15 storage/engine/rocksdb.go:120            Options.writable_file_max_buffer_size: 1048576
I200519 15:15:23.996443 15 storage/engine/rocksdb.go:120              Options.delayed_write_rate : 16777216
I200519 15:15:23.996446 15 storage/engine/rocksdb.go:120              Options.max_total_wal_size: 0
I200519 15:15:23.996450 15 storage/engine/rocksdb.go:120              Options.delete_obsolete_files_period_micros: 21600000000
I200519 15:15:23.996453 15 storage/engine/rocksdb.go:120                    Options.stats_dump_period_sec: 0
I200519 15:15:23.996456 15 storage/engine/rocksdb.go:120                  Options.stats_persist_period_sec: 600
I200519 15:15:23.996459 15 storage/engine/rocksdb.go:120                  Options.stats_history_buffer_size: 1048576
I200519 15:15:23.996463 15 storage/engine/rocksdb.go:120                           Options.max_open_files: 128
I200519 15:15:23.996466 15 storage/engine/rocksdb.go:120                           Options.bytes_per_sync: 524288
I200519 15:15:23.996469 15 storage/engine/rocksdb.go:120                       Options.wal_bytes_per_sync: 0
I200519 15:15:23.996472 15 storage/engine/rocksdb.go:120                    Options.strict_bytes_per_sync: 1
I200519 15:15:23.996478 15 storage/engine/rocksdb.go:120        Options.compaction_readahead_size: 0
I200519 15:15:23.996481 15 storage/engine/rocksdb.go:120  Compression algorithms supported:
I200519 15:15:23.996485 15 storage/engine/rocksdb.go:120  	kZSTD supported: 0
I200519 15:15:23.996488 15 storage/engine/rocksdb.go:120  	kZlibCompression supported: 0
I200519 15:15:23.996492 15 storage/engine/rocksdb.go:120  	kXpressCompression supported: 0
I200519 15:15:23.996495 15 storage/engine/rocksdb.go:120  	kSnappyCompression supported: 1
I200519 15:15:23.996499 15 storage/engine/rocksdb.go:120  	kZSTDNotFinalCompression supported: 0
I200519 15:15:23.996502 15 storage/engine/rocksdb.go:120  	kLZ4HCCompression supported: 0
I200519 15:15:23.996505 15 storage/engine/rocksdb.go:120  	kLZ4Compression supported: 0
I200519 15:15:23.996508 15 storage/engine/rocksdb.go:120  	kBZip2Compression supported: 0
I200519 15:15:23.996516 15 storage/engine/rocksdb.go:120  Fast CRC32 supported: Supported on x86
I200519 15:15:23.996650 15 storage/engine/rocksdb.go:120  [db/db_impl_open.cc:242] Creating manifest 1 
I200519 15:15:23.999392 15 storage/engine/rocksdb.go:120  [db/version_set.cc:4072] Recovering from manifest file: /Users/alexanderaleksanyan/code/go/src/not_your_fathers_search_engine/node1/cockroach-temp373044753/MANIFEST-000001
I200519 15:15:24.000142 15 storage/engine/rocksdb.go:120  [db/column_family.cc:488] --------------- Options for column family [default]:
I200519 15:15:24.000150 15 storage/engine/rocksdb.go:120                Options.comparator: cockroach_comparator
I200519 15:15:24.000156 15 storage/engine/rocksdb.go:120            Options.merge_operator: cockroach_merge_operator
I200519 15:15:24.000159 15 storage/engine/rocksdb.go:120         Options.compaction_filter: None
I200519 15:15:24.000163 15 storage/engine/rocksdb.go:120         Options.compaction_filter_factory: None
I200519 15:15:24.000166 15 storage/engine/rocksdb.go:120          Options.memtable_factory: SkipListFactory
I200519 15:15:24.000170 15 storage/engine/rocksdb.go:120             Options.table_factory: BlockBasedTable
I200519 15:15:24.000193 15 storage/engine/rocksdb.go:120             table_factory options:   flush_block_policy_factory: FlushBlockBySizePolicyFactory (0x12856030)
  cache_index_and_filter_blocks: 0
  cache_index_and_filter_blocks_with_high_priority: 0
  pin_l0_filter_and_index_blocks_in_cache: 0
  pin_top_level_index_and_filter: 1
  index_type: 0
  data_block_index_type: 0
  index_shortening: 1
  data_block_hash_table_util_ratio: 0.750000
  hash_index_allow_collision: 1
  checksum: 1
  no_block_cache: 0
  block_cache: 0x1285c018
  block_cache_name: LRUCache
  block_cache_options:
    capacity : 1048576
    num_shard_bits : 4
    strict_capacity_limit : 0
    memory_allocator : None
    high_pri_pool_ratio: 0.000
  block_cache_compressed: 0x0
  persistent_cache: 0x0
  block_size: 32768
  block_size_deviation: 10
  block_restart_interval: 16
  index_block_restart_interval: 1
  metadata_block_size: 4096
  partition_filters: 0
  use_delta_encoding: 1
  filter_policy: rocksdb.BuiltinBloomFilter
  whole_key_filtering: 0
  verify_compression: 0
  read_amp_bytes_per_bit: 0
  format_version: 2
  enable_index_compression: 1
  block_align: 0
I200519 15:15:24.000199 15 storage/engine/rocksdb.go:120         Options.write_buffer_size: 67108864
I200519 15:15:24.000203 15 storage/engine/rocksdb.go:120   Options.max_write_buffer_number: 4
I200519 15:15:24.000209 15 storage/engine/rocksdb.go:120           Options.compression: Snappy
I200519 15:15:24.000213 15 storage/engine/rocksdb.go:120                   Options.bottommost_compression: Disabled
I200519 15:15:24.000216 15 storage/engine/rocksdb.go:120        Options.prefix_extractor: cockroach_prefix_extractor
I200519 15:15:24.000220 15 storage/engine/rocksdb.go:120    Options.memtable_insert_with_hint_prefix_extractor: nullptr
I200519 15:15:24.000223 15 storage/engine/rocksdb.go:120              Options.num_levels: 7
I200519 15:15:24.000226 15 storage/engine/rocksdb.go:120         Options.min_write_buffer_number_to_merge: 1
I200519 15:15:24.000231 15 storage/engine/rocksdb.go:120      Options.max_write_buffer_number_to_maintain: 0
I200519 15:15:24.000235 15 storage/engine/rocksdb.go:120             Options.bottommost_compression_opts.window_bits: -14
I200519 15:15:24.000239 15 storage/engine/rocksdb.go:120                   Options.bottommost_compression_opts.level: 32767
I200519 15:15:24.000242 15 storage/engine/rocksdb.go:120                Options.bottommost_compression_opts.strategy: 0
I200519 15:15:24.000245 15 storage/engine/rocksdb.go:120          Options.bottommost_compression_opts.max_dict_bytes: 0
I200519 15:15:24.000249 15 storage/engine/rocksdb.go:120          Options.bottommost_compression_opts.zstd_max_train_bytes: 0
I200519 15:15:24.000254 15 storage/engine/rocksdb.go:120                   Options.bottommost_compression_opts.enabled: false
I200519 15:15:24.000257 15 storage/engine/rocksdb.go:120             Options.compression_opts.window_bits: -14
I200519 15:15:24.000260 15 storage/engine/rocksdb.go:120                   Options.compression_opts.level: 32767
I200519 15:15:24.000264 15 storage/engine/rocksdb.go:120                Options.compression_opts.strategy: 0
I200519 15:15:24.000267 15 storage/engine/rocksdb.go:120          Options.compression_opts.max_dict_bytes: 0
I200519 15:15:24.000270 15 storage/engine/rocksdb.go:120          Options.compression_opts.zstd_max_train_bytes: 0
I200519 15:15:24.000274 15 storage/engine/rocksdb.go:120                   Options.compression_opts.enabled: false
I200519 15:15:24.000277 15 storage/engine/rocksdb.go:120       Options.level0_file_num_compaction_trigger: 2
I200519 15:15:24.000280 15 storage/engine/rocksdb.go:120           Options.level0_slowdown_writes_trigger: 950
I200519 15:15:24.000284 15 storage/engine/rocksdb.go:120               Options.level0_stop_writes_trigger: 1000
I200519 15:15:24.000287 15 storage/engine/rocksdb.go:120                    Options.target_file_size_base: 4194304
I200519 15:15:24.000290 15 storage/engine/rocksdb.go:120              Options.target_file_size_multiplier: 2
I200519 15:15:24.000293 15 storage/engine/rocksdb.go:120                 Options.max_bytes_for_level_base: 67108864
I200519 15:15:24.000297 15 storage/engine/rocksdb.go:120  Options.level_compaction_dynamic_level_bytes: 1
I200519 15:15:24.000301 15 storage/engine/rocksdb.go:120           Options.max_bytes_for_level_multiplier: 10.000000
I200519 15:15:24.000304 15 storage/engine/rocksdb.go:120  Options.max_bytes_for_level_multiplier_addtl[0]: 1
I200519 15:15:24.000307 15 storage/engine/rocksdb.go:120  Options.max_bytes_for_level_multiplier_addtl[1]: 1
I200519 15:15:24.000311 15 storage/engine/rocksdb.go:120  Options.max_bytes_for_level_multiplier_addtl[2]: 1
I200519 15:15:24.000314 15 storage/engine/rocksdb.go:120  Options.max_bytes_for_level_multiplier_addtl[3]: 1
I200519 15:15:24.000317 15 storage/engine/rocksdb.go:120  Options.max_bytes_for_level_multiplier_addtl[4]: 1
I200519 15:15:24.000320 15 storage/engine/rocksdb.go:120  Options.max_bytes_for_level_multiplier_addtl[5]: 1
I200519 15:15:24.000324 15 storage/engine/rocksdb.go:120  Options.max_bytes_for_level_multiplier_addtl[6]: 1
I200519 15:15:24.000327 15 storage/engine/rocksdb.go:120        Options.max_sequential_skip_in_iterations: 8
I200519 15:15:24.000330 15 storage/engine/rocksdb.go:120                     Options.max_compaction_bytes: 104857600
I200519 15:15:24.000333 15 storage/engine/rocksdb.go:120                         Options.arena_block_size: 8388608
I200519 15:15:24.000338 15 storage/engine/rocksdb.go:120    Options.soft_pending_compaction_bytes_limit: 2199023255552
I200519 15:15:24.000341 15 storage/engine/rocksdb.go:120    Options.hard_pending_compaction_bytes_limit: 4400193994752
I200519 15:15:24.000345 15 storage/engine/rocksdb.go:120        Options.rate_limit_delay_max_milliseconds: 100
I200519 15:15:24.000348 15 storage/engine/rocksdb.go:120                 Options.disable_auto_compactions: 0
I200519 15:15:24.000352 15 storage/engine/rocksdb.go:120                         Options.compaction_style: kCompactionStyleLevel
I200519 15:15:24.000357 15 storage/engine/rocksdb.go:120                           Options.compaction_pri: kMinOverlappingRatio
I200519 15:15:24.000360 15 storage/engine/rocksdb.go:120  Options.compaction_options_universal.size_ratio: 1
I200519 15:15:24.000364 15 storage/engine/rocksdb.go:120  Options.compaction_options_universal.min_merge_width: 2
I200519 15:15:24.000367 15 storage/engine/rocksdb.go:120  Options.compaction_options_universal.max_merge_width: 4294967295
I200519 15:15:24.000370 15 storage/engine/rocksdb.go:120  Options.compaction_options_universal.max_size_amplification_percent: 200
I200519 15:15:24.000374 15 storage/engine/rocksdb.go:120  Options.compaction_options_universal.compression_size_percent: -1
I200519 15:15:24.000378 15 storage/engine/rocksdb.go:120  Options.compaction_options_universal.stop_style: kCompactionStopStyleTotalSize
I200519 15:15:24.000381 15 storage/engine/rocksdb.go:120  Options.compaction_options_fifo.max_table_files_size: 1073741824
I200519 15:15:24.000384 15 storage/engine/rocksdb.go:120  Options.compaction_options_fifo.allow_compaction: 0
I200519 15:15:24.000389 15 storage/engine/rocksdb.go:120                    Options.table_properties_collectors: TimeBoundTblPropCollectorFactory; DeleteRangeTblPropCollectorFactory; 
I200519 15:15:24.000392 15 storage/engine/rocksdb.go:120                    Options.inplace_update_support: 0
I200519 15:15:24.000396 15 storage/engine/rocksdb.go:120                  Options.inplace_update_num_locks: 10000
I200519 15:15:24.000399 15 storage/engine/rocksdb.go:120                Options.memtable_prefix_bloom_size_ratio: 0.000000
I200519 15:15:24.000402 15 storage/engine/rocksdb.go:120                Options.memtable_whole_key_filtering: 0
I200519 15:15:24.000406 15 storage/engine/rocksdb.go:120    Options.memtable_huge_page_size: 0
I200519 15:15:24.000409 15 storage/engine/rocksdb.go:120                            Options.bloom_locality: 0
I200519 15:15:24.000412 15 storage/engine/rocksdb.go:120                     Options.max_successive_merges: 0
I200519 15:15:24.000416 15 storage/engine/rocksdb.go:120                 Options.optimize_filters_for_hits: 1
I200519 15:15:24.000419 15 storage/engine/rocksdb.go:120                 Options.paranoid_file_checks: 0
I200519 15:15:24.000422 15 storage/engine/rocksdb.go:120                 Options.force_consistency_checks: 0
I200519 15:15:24.000425 15 storage/engine/rocksdb.go:120                 Options.report_bg_io_stats: 0
I200519 15:15:24.000429 15 storage/engine/rocksdb.go:120                                Options.ttl: 0
I200519 15:15:24.000432 15 storage/engine/rocksdb.go:120           Options.periodic_compaction_seconds: 0
I200519 15:15:24.000908 15 storage/engine/rocksdb.go:120  [db/version_set.cc:4286] Recovered from manifest file:/Users/alexanderaleksanyan/code/go/src/not_your_fathers_search_engine/node1/cockroach-temp373044753/MANIFEST-000001 succeeded,manifest_file_number is 1, next_file_number is 3, last_sequence is 0, log_number is 0,prev_log_number is 0,max_column_family is 0,min_log_number_to_keep is 0
I200519 15:15:24.000914 15 storage/engine/rocksdb.go:120  [db/version_set.cc:4295] Column family [default] (ID 0), log number is 0
I200519 15:15:24.004029 15 storage/engine/rocksdb.go:120  DB pointer 0x12846000
I200519 15:15:24.015512 15 storage/engine/rocksdb.go:120  RocksDB version: 6.2.1
I200519 15:15:24.015519 15 storage/engine/rocksdb.go:120  Git sha rocksdb_build_git_sha:@b7009236531fa784872f4823eabf393501e41bf2@
I200519 15:15:24.015523 15 storage/engine/rocksdb.go:120  Compile date Apr  6 2020
I200519 15:15:24.015527 15 storage/engine/rocksdb.go:120  DB SUMMARY
I200519 15:15:24.015566 15 storage/engine/rocksdb.go:120  SST files in /Users/alexanderaleksanyan/code/go/src/not_your_fathers_search_engine/node1 dir, Total Num: 0, files: 
I200519 15:15:24.015571 15 storage/engine/rocksdb.go:120  Write Ahead Log file in /Users/alexanderaleksanyan/code/go/src/not_your_fathers_search_engine/node1: 
I200519 15:15:24.015575 15 storage/engine/rocksdb.go:120                          Options.error_if_exists: 0
I200519 15:15:24.015580 15 storage/engine/rocksdb.go:120                        Options.create_if_missing: 1
I200519 15:15:24.015583 15 storage/engine/rocksdb.go:120                          Options.paranoid_checks: 1
I200519 15:15:24.015587 15 storage/engine/rocksdb.go:120                                      Options.env: 0xa8fd988
I200519 15:15:24.015590 15 storage/engine/rocksdb.go:120                                 Options.info_log: 0x1180d0a0
I200519 15:15:24.015595 15 storage/engine/rocksdb.go:120                 Options.max_file_opening_threads: 16
I200519 15:15:24.015598 15 storage/engine/rocksdb.go:120                               Options.statistics: 0x11813158
I200519 15:15:24.015601 15 storage/engine/rocksdb.go:120                                Options.use_fsync: 0
I200519 15:15:24.015604 15 storage/engine/rocksdb.go:120                        Options.max_log_file_size: 0
I200519 15:15:24.015608 15 storage/engine/rocksdb.go:120                   Options.max_manifest_file_size: 134217728
I200519 15:15:24.015611 15 storage/engine/rocksdb.go:120                    Options.log_file_time_to_roll: 0
I200519 15:15:24.015614 15 storage/engine/rocksdb.go:120                        Options.keep_log_file_num: 1000
I200519 15:15:24.015617 15 storage/engine/rocksdb.go:120                     Options.recycle_log_file_num: 1
I200519 15:15:24.015622 15 storage/engine/rocksdb.go:120                          Options.allow_fallocate: 1
I200519 15:15:24.015625 15 storage/engine/rocksdb.go:120                         Options.allow_mmap_reads: 0
I200519 15:15:24.015629 15 storage/engine/rocksdb.go:120                        Options.allow_mmap_writes: 0
I200519 15:15:24.015634 15 storage/engine/rocksdb.go:120                         Options.use_direct_reads: 0
I200519 15:15:24.015638 15 storage/engine/rocksdb.go:120                         Options.use_direct_io_for_flush_and_compaction: 0
I200519 15:15:24.015641 15 storage/engine/rocksdb.go:120           Options.create_missing_column_families: 0
I200519 15:15:24.015644 15 storage/engine/rocksdb.go:120                               Options.db_log_dir: 
I200519 15:15:24.015648 15 storage/engine/rocksdb.go:120                                  Options.wal_dir: /Users/alexanderaleksanyan/code/go/src/not_your_fathers_search_engine/node1
I200519 15:15:24.015651 15 storage/engine/rocksdb.go:120                 Options.table_cache_numshardbits: 6
I200519 15:15:24.015655 15 storage/engine/rocksdb.go:120                       Options.max_subcompactions: 1
I200519 15:15:24.015658 15 storage/engine/rocksdb.go:120                   Options.max_background_flushes: -1
I200519 15:15:24.015662 15 storage/engine/rocksdb.go:120                          Options.WAL_ttl_seconds: 0
I200519 15:15:24.015665 15 storage/engine/rocksdb.go:120                        Options.WAL_size_limit_MB: 0
I200519 15:15:24.015668 15 storage/engine/rocksdb.go:120              Options.manifest_preallocation_size: 4194304
I200519 15:15:24.015671 15 storage/engine/rocksdb.go:120                      Options.is_fd_close_on_exec: 1
I200519 15:15:24.015674 15 storage/engine/rocksdb.go:120                    Options.advise_random_on_open: 1
I200519 15:15:24.015677 15 storage/engine/rocksdb.go:120                     Options.db_write_buffer_size: 0
I200519 15:15:24.015681 15 storage/engine/rocksdb.go:120                     Options.write_buffer_manager: 0x11908030
I200519 15:15:24.015684 15 storage/engine/rocksdb.go:120          Options.access_hint_on_compaction_start: 1
I200519 15:15:24.015687 15 storage/engine/rocksdb.go:120   Options.new_table_reader_for_compaction_inputs: 0
I200519 15:15:24.015690 15 storage/engine/rocksdb.go:120            Options.random_access_max_buffer_size: 1048576
I200519 15:15:24.015693 15 storage/engine/rocksdb.go:120                       Options.use_adaptive_mutex: 0
I200519 15:15:24.015696 15 storage/engine/rocksdb.go:120                             Options.rate_limiter: 0x0
I200519 15:15:24.015700 15 storage/engine/rocksdb.go:120      Options.sst_file_manager.rate_bytes_per_sec: 0
I200519 15:15:24.015705 15 storage/engine/rocksdb.go:120                        Options.wal_recovery_mode: 0
I200519 15:15:24.015709 15 storage/engine/rocksdb.go:120                   Options.enable_thread_tracking: 0
I200519 15:15:24.015713 15 storage/engine/rocksdb.go:120                   Options.enable_pipelined_write: 0
I200519 15:15:24.015716 15 storage/engine/rocksdb.go:120          Options.allow_concurrent_memtable_write: 1
I200519 15:15:24.015719 15 storage/engine/rocksdb.go:120       Options.enable_write_thread_adaptive_yield: 1
I200519 15:15:24.015722 15 storage/engine/rocksdb.go:120              Options.write_thread_max_yield_usec: 100
I200519 15:15:24.015725 15 storage/engine/rocksdb.go:120             Options.write_thread_slow_yield_usec: 3
I200519 15:15:24.015729 15 storage/engine/rocksdb.go:120                                Options.row_cache: None
I200519 15:15:24.015732 15 storage/engine/rocksdb.go:120                               Options.wal_filter: None
I200519 15:15:24.015735 15 storage/engine/rocksdb.go:120              Options.avoid_flush_during_recovery: 0
I200519 15:15:24.015738 15 storage/engine/rocksdb.go:120              Options.allow_ingest_behind: 0
I200519 15:15:24.015741 15 storage/engine/rocksdb.go:120              Options.preserve_deletes: 0
I200519 15:15:24.015744 15 storage/engine/rocksdb.go:120              Options.two_write_queues: 0
I200519 15:15:24.015747 15 storage/engine/rocksdb.go:120              Options.manual_wal_flush: 1
I200519 15:15:24.015751 15 storage/engine/rocksdb.go:120              Options.atomic_flush: 0
I200519 15:15:24.015754 15 storage/engine/rocksdb.go:120              Options.avoid_unnecessary_blocking_io: 0
I200519 15:15:24.015757 15 storage/engine/rocksdb.go:120              Options.max_background_jobs: 4
I200519 15:15:24.015761 15 storage/engine/rocksdb.go:120              Options.max_background_compactions: -1
I200519 15:15:24.015765 15 storage/engine/rocksdb.go:120              Options.avoid_flush_during_shutdown: 0
I200519 15:15:24.015768 15 storage/engine/rocksdb.go:120            Options.writable_file_max_buffer_size: 1048576
I200519 15:15:24.015772 15 storage/engine/rocksdb.go:120              Options.delayed_write_rate : 16777216
I200519 15:15:24.015776 15 storage/engine/rocksdb.go:120              Options.max_total_wal_size: 0
I200519 15:15:24.015779 15 storage/engine/rocksdb.go:120              Options.delete_obsolete_files_period_micros: 21600000000
I200519 15:15:24.015782 15 storage/engine/rocksdb.go:120                    Options.stats_dump_period_sec: 0
I200519 15:15:24.015785 15 storage/engine/rocksdb.go:120                  Options.stats_persist_period_sec: 600
I200519 15:15:24.015789 15 storage/engine/rocksdb.go:120                  Options.stats_history_buffer_size: 1048576
I200519 15:15:24.015793 15 storage/engine/rocksdb.go:120                           Options.max_open_files: 10000
I200519 15:15:24.015796 15 storage/engine/rocksdb.go:120                           Options.bytes_per_sync: 524288
I200519 15:15:24.015799 15 storage/engine/rocksdb.go:120                       Options.wal_bytes_per_sync: 0
I200519 15:15:24.015802 15 storage/engine/rocksdb.go:120                    Options.strict_bytes_per_sync: 1
I200519 15:15:24.015805 15 storage/engine/rocksdb.go:120        Options.compaction_readahead_size: 0
I200519 15:15:24.015809 15 storage/engine/rocksdb.go:120  Compression algorithms supported:
I200519 15:15:24.015812 15 storage/engine/rocksdb.go:120  	kZSTD supported: 0
I200519 15:15:24.015817 15 storage/engine/rocksdb.go:120  	kZlibCompression supported: 0
I200519 15:15:24.015820 15 storage/engine/rocksdb.go:120  	kXpressCompression supported: 0
I200519 15:15:24.015823 15 storage/engine/rocksdb.go:120  	kSnappyCompression supported: 1
I200519 15:15:24.015827 15 storage/engine/rocksdb.go:120  	kZSTDNotFinalCompression supported: 0
I200519 15:15:24.015830 15 storage/engine/rocksdb.go:120  	kLZ4HCCompression supported: 0
I200519 15:15:24.015833 15 storage/engine/rocksdb.go:120  	kLZ4Compression supported: 0
I200519 15:15:24.015838 15 storage/engine/rocksdb.go:120  	kBZip2Compression supported: 0
I200519 15:15:24.015843 15 storage/engine/rocksdb.go:120  Fast CRC32 supported: Supported on x86
I200519 15:15:24.015960 15 storage/engine/rocksdb.go:120  [db/db_impl_open.cc:242] Creating manifest 1 
I200519 15:15:24.018769 15 storage/engine/rocksdb.go:120  [db/version_set.cc:4072] Recovering from manifest file: /Users/alexanderaleksanyan/code/go/src/not_your_fathers_search_engine/node1/MANIFEST-000001
I200519 15:15:24.019592 15 storage/engine/rocksdb.go:120  [db/column_family.cc:488] --------------- Options for column family [default]:
I200519 15:15:24.019598 15 storage/engine/rocksdb.go:120                Options.comparator: cockroach_comparator
I200519 15:15:24.019602 15 storage/engine/rocksdb.go:120            Options.merge_operator: cockroach_merge_operator
I200519 15:15:24.019606 15 storage/engine/rocksdb.go:120         Options.compaction_filter: None
I200519 15:15:24.019609 15 storage/engine/rocksdb.go:120         Options.compaction_filter_factory: None
I200519 15:15:24.019614 15 storage/engine/rocksdb.go:120          Options.memtable_factory: SkipListFactory
I200519 15:15:24.019618 15 storage/engine/rocksdb.go:120             Options.table_factory: BlockBasedTable
I200519 15:15:24.019641 15 storage/engine/rocksdb.go:120             table_factory options:   flush_block_policy_factory: FlushBlockBySizePolicyFactory (0x11826028)
  cache_index_and_filter_blocks: 0
  cache_index_and_filter_blocks_with_high_priority: 0
  pin_l0_filter_and_index_blocks_in_cache: 0
  pin_top_level_index_and_filter: 1
  index_type: 0
  data_block_index_type: 0
  index_shortening: 1
  data_block_hash_table_util_ratio: 0.750000
  hash_index_allow_collision: 1
  checksum: 1
  no_block_cache: 0
  block_cache: 0x11813018
  block_cache_name: LRUCache
  block_cache_options:
    capacity : 67108864
    num_shard_bits : 4
    strict_capacity_limit : 0
    memory_allocator : None
    high_pri_pool_ratio: 0.000
  block_cache_compressed: 0x0
  persistent_cache: 0x0
  block_size: 32768
  block_size_deviation: 10
  block_restart_interval: 16
  index_block_restart_interval: 1
  metadata_block_size: 4096
  partition_filters: 0
  use_delta_encoding: 1
  filter_policy: rocksdb.BuiltinBloomFilter
  whole_key_filtering: 0
  verify_compression: 0
  read_amp_bytes_per_bit: 0
  format_version: 2
  enable_index_compression: 1
  block_align: 0
I200519 15:15:24.019648 15 storage/engine/rocksdb.go:120         Options.write_buffer_size: 67108864
I200519 15:15:24.019655 15 storage/engine/rocksdb.go:120   Options.max_write_buffer_number: 4
I200519 15:15:24.019659 15 storage/engine/rocksdb.go:120           Options.compression: Snappy
I200519 15:15:24.019662 15 storage/engine/rocksdb.go:120                   Options.bottommost_compression: Disabled
I200519 15:15:24.019666 15 storage/engine/rocksdb.go:120        Options.prefix_extractor: cockroach_prefix_extractor
I200519 15:15:24.019669 15 storage/engine/rocksdb.go:120    Options.memtable_insert_with_hint_prefix_extractor: nullptr
I200519 15:15:24.019673 15 storage/engine/rocksdb.go:120              Options.num_levels: 7
I200519 15:15:24.019677 15 storage/engine/rocksdb.go:120         Options.min_write_buffer_number_to_merge: 1
I200519 15:15:24.019680 15 storage/engine/rocksdb.go:120      Options.max_write_buffer_number_to_maintain: 0
I200519 15:15:24.019683 15 storage/engine/rocksdb.go:120             Options.bottommost_compression_opts.window_bits: -14
I200519 15:15:24.019687 15 storage/engine/rocksdb.go:120                   Options.bottommost_compression_opts.level: 32767
I200519 15:15:24.019690 15 storage/engine/rocksdb.go:120                Options.bottommost_compression_opts.strategy: 0
I200519 15:15:24.019693 15 storage/engine/rocksdb.go:120          Options.bottommost_compression_opts.max_dict_bytes: 0
I200519 15:15:24.019696 15 storage/engine/rocksdb.go:120          Options.bottommost_compression_opts.zstd_max_train_bytes: 0
I200519 15:15:24.019700 15 storage/engine/rocksdb.go:120                   Options.bottommost_compression_opts.enabled: false
I200519 15:15:24.019705 15 storage/engine/rocksdb.go:120             Options.compression_opts.window_bits: -14
I200519 15:15:24.019708 15 storage/engine/rocksdb.go:120                   Options.compression_opts.level: 32767
I200519 15:15:24.019711 15 storage/engine/rocksdb.go:120                Options.compression_opts.strategy: 0
I200519 15:15:24.019714 15 storage/engine/rocksdb.go:120          Options.compression_opts.max_dict_bytes: 0
I200519 15:15:24.019718 15 storage/engine/rocksdb.go:120          Options.compression_opts.zstd_max_train_bytes: 0
I200519 15:15:24.019722 15 storage/engine/rocksdb.go:120                   Options.compression_opts.enabled: false
I200519 15:15:24.019726 15 storage/engine/rocksdb.go:120       Options.level0_file_num_compaction_trigger: 2
I200519 15:15:24.019729 15 storage/engine/rocksdb.go:120           Options.level0_slowdown_writes_trigger: 950
I200519 15:15:24.019732 15 storage/engine/rocksdb.go:120               Options.level0_stop_writes_trigger: 1000
I200519 15:15:24.019735 15 storage/engine/rocksdb.go:120                    Options.target_file_size_base: 4194304
I200519 15:15:24.019738 15 storage/engine/rocksdb.go:120              Options.target_file_size_multiplier: 2
I200519 15:15:24.019742 15 storage/engine/rocksdb.go:120                 Options.max_bytes_for_level_base: 67108864
I200519 15:15:24.019745 15 storage/engine/rocksdb.go:120  Options.level_compaction_dynamic_level_bytes: 1
I200519 15:15:24.019749 15 storage/engine/rocksdb.go:120           Options.max_bytes_for_level_multiplier: 10.000000
I200519 15:15:24.019752 15 storage/engine/rocksdb.go:120  Options.max_bytes_for_level_multiplier_addtl[0]: 1
I200519 15:15:24.019755 15 storage/engine/rocksdb.go:120  Options.max_bytes_for_level_multiplier_addtl[1]: 1
I200519 15:15:24.019758 15 storage/engine/rocksdb.go:120  Options.max_bytes_for_level_multiplier_addtl[2]: 1
I200519 15:15:24.019763 15 storage/engine/rocksdb.go:120  Options.max_bytes_for_level_multiplier_addtl[3]: 1
I200519 15:15:24.019766 15 storage/engine/rocksdb.go:120  Options.max_bytes_for_level_multiplier_addtl[4]: 1
I200519 15:15:24.019769 15 storage/engine/rocksdb.go:120  Options.max_bytes_for_level_multiplier_addtl[5]: 1
I200519 15:15:24.019773 15 storage/engine/rocksdb.go:120  Options.max_bytes_for_level_multiplier_addtl[6]: 1
I200519 15:15:24.019777 15 storage/engine/rocksdb.go:120        Options.max_sequential_skip_in_iterations: 8
I200519 15:15:24.019780 15 storage/engine/rocksdb.go:120                     Options.max_compaction_bytes: 104857600
I200519 15:15:24.019783 15 storage/engine/rocksdb.go:120                         Options.arena_block_size: 8388608
I200519 15:15:24.019787 15 storage/engine/rocksdb.go:120    Options.soft_pending_compaction_bytes_limit: 2199023255552
I200519 15:15:24.019790 15 storage/engine/rocksdb.go:120    Options.hard_pending_compaction_bytes_limit: 4400193994752
I200519 15:15:24.019793 15 storage/engine/rocksdb.go:120        Options.rate_limit_delay_max_milliseconds: 100
I200519 15:15:24.019796 15 storage/engine/rocksdb.go:120                 Options.disable_auto_compactions: 0
I200519 15:15:24.019801 15 storage/engine/rocksdb.go:120                         Options.compaction_style: kCompactionStyleLevel
I200519 15:15:24.019805 15 storage/engine/rocksdb.go:120                           Options.compaction_pri: kMinOverlappingRatio
I200519 15:15:24.019808 15 storage/engine/rocksdb.go:120  Options.compaction_options_universal.size_ratio: 1
I200519 15:15:24.019811 15 storage/engine/rocksdb.go:120  Options.compaction_options_universal.min_merge_width: 2
I200519 15:15:24.019815 15 storage/engine/rocksdb.go:120  Options.compaction_options_universal.max_merge_width: 4294967295
I200519 15:15:24.019818 15 storage/engine/rocksdb.go:120  Options.compaction_options_universal.max_size_amplification_percent: 200
I200519 15:15:24.019821 15 storage/engine/rocksdb.go:120  Options.compaction_options_universal.compression_size_percent: -1
I200519 15:15:24.019825 15 storage/engine/rocksdb.go:120  Options.compaction_options_universal.stop_style: kCompactionStopStyleTotalSize
I200519 15:15:24.019830 15 storage/engine/rocksdb.go:120  Options.compaction_options_fifo.max_table_files_size: 1073741824
I200519 15:15:24.019833 15 storage/engine/rocksdb.go:120  Options.compaction_options_fifo.allow_compaction: 0
I200519 15:15:24.019837 15 storage/engine/rocksdb.go:120                    Options.table_properties_collectors: TimeBoundTblPropCollectorFactory; DeleteRangeTblPropCollectorFactory; 
I200519 15:15:24.019841 15 storage/engine/rocksdb.go:120                    Options.inplace_update_support: 0
I200519 15:15:24.019844 15 storage/engine/rocksdb.go:120                  Options.inplace_update_num_locks: 10000
I200519 15:15:24.019847 15 storage/engine/rocksdb.go:120                Options.memtable_prefix_bloom_size_ratio: 0.000000
I200519 15:15:24.019850 15 storage/engine/rocksdb.go:120                Options.memtable_whole_key_filtering: 0
I200519 15:15:24.019855 15 storage/engine/rocksdb.go:120    Options.memtable_huge_page_size: 0
I200519 15:15:24.019858 15 storage/engine/rocksdb.go:120                            Options.bloom_locality: 0
I200519 15:15:24.019861 15 storage/engine/rocksdb.go:120                     Options.max_successive_merges: 0
I200519 15:15:24.019864 15 storage/engine/rocksdb.go:120                 Options.optimize_filters_for_hits: 1
I200519 15:15:24.019868 15 storage/engine/rocksdb.go:120                 Options.paranoid_file_checks: 0
I200519 15:15:24.019871 15 storage/engine/rocksdb.go:120                 Options.force_consistency_checks: 0
I200519 15:15:24.019874 15 storage/engine/rocksdb.go:120                 Options.report_bg_io_stats: 0
I200519 15:15:24.019877 15 storage/engine/rocksdb.go:120                                Options.ttl: 0
I200519 15:15:24.019883 15 storage/engine/rocksdb.go:120           Options.periodic_compaction_seconds: 0
I200519 15:15:24.020375 15 storage/engine/rocksdb.go:120  [db/version_set.cc:4286] Recovered from manifest file:/Users/alexanderaleksanyan/code/go/src/not_your_fathers_search_engine/node1/MANIFEST-000001 succeeded,manifest_file_number is 1, next_file_number is 3, last_sequence is 0, log_number is 0,prev_log_number is 0,max_column_family is 0,min_log_number_to_keep is 0
I200519 15:15:24.020381 15 storage/engine/rocksdb.go:120  [db/version_set.cc:4295] Column family [default] (ID 0), log number is 0
I200519 15:15:24.023331 15 storage/engine/rocksdb.go:120  DB pointer 0x11911000
I200519 15:31:38.116713 1106 storage/engine/rocksdb.go:120  [db/db_impl_write.cc:1437] [default] New memtable created with log file: #6. Immutable memtables: 0.
I200519 15:31:38.117236 17 storage/engine/rocksdb.go:120  (Original Log Time 2020/05/19-08:31:38.116883) [db/db_impl_compaction_flush.cc:2097] Calling FlushMemTableToOutputFile with column family [default], flush slots available 1, compaction slots available 1, flush slots scheduled 1, compaction slots scheduled 0
I200519 15:31:38.117249 17 storage/engine/rocksdb.go:120  [db/flush_job.cc:322] [default] [JOB 2] Flushing memtable with next log file: 6
I200519 15:31:38.117304 17 storage/engine/rocksdb.go:120  EVENT_LOG_v1 {"time_micros": 1589902298117270, "job": 2, "event": "flush_started", "num_memtables": 1, "num_entries": 210522, "num_deletes": 4590, "total_data_size": 61083544, "memory_usage": 65061624, "flush_reason": "Write Buffer Full"}
I200519 15:31:38.117316 17 storage/engine/rocksdb.go:120  [db/flush_job.cc:351] [default] [JOB 2] Level-0 flush table #7: started
I200519 15:31:38.448596 17 storage/engine/rocksdb.go:120  EVENT_LOG_v1 {"time_micros": 1589902298448556, "cf_name": "default", "job": 2, "event": "table_file_creation", "file_number": 7, "file_size": 469933, "table_properties": {"data_size": 456859, "index_size": 4858, "index_partitions": 0, "top_level_index_size": 0, "index_key_is_user_key": 0, "index_value_is_delta_encoded": 0, "filter_size": 9285, "raw_key_size": 304678, "raw_average_key_size": 34, "raw_value_size": 2505622, "raw_average_value_size": 283, "num_data_blocks": 78, "num_entries": 8848, "num_deletions": 4396, "num_merge_operands": 2010, "num_range_deletions": 2010, "format_version": 0, "fixed_key_len": 0, "filter_policy": "rocksdb.BuiltinBloomFilter", "column_family_name": "default", "column_family_id": 0, "comparator": "cockroach_comparator", "merge_operator": "cockroach_merge_operator", "prefix_extractor_name": "cockroach_prefix_extractor", "property_collectors": "[TimeBoundTblPropCollectorFactory,DeleteRangeTblPropCollectorFactory]", "compression": "Snappy", "compression_options": "window_bits=-14; level=32767; strategy=0; max_dict_bytes=0; zstd_max_train_bytes=0; enabled=0; ", "creation_time": 1589902298, "oldest_key_time": 1589901397, "file_creation_time": 1589902298}}
I200519 15:31:38.448617 17 storage/engine/rocksdb.go:120  [db/flush_job.cc:392] [default] [JOB 2] Level-0 flush table #7: 469933 bytes OK
I200519 15:31:38.448653 17 storage/engine/rocksdb.go:120  [db/version_set.cc:3560] Creating manifest 8
I200519 15:31:38.449359 17 storage/engine/rocksdb.go:120  [db/db_impl_files.cc:194] adding log 3 to recycle list
I200519 15:31:38.449373 17 storage/engine/rocksdb.go:120  (Original Log Time 2020/05/19-08:31:38.448629) [db/memtable_list.cc:386] [default] Level-0 commit table #7 started
I200519 15:31:38.449380 17 storage/engine/rocksdb.go:120  (Original Log Time 2020/05/19-08:31:38.449305) [db/memtable_list.cc:434] [default] Level-0 commit table #7: memtable #1 done
I200519 15:31:38.449387 17 storage/engine/rocksdb.go:120  (Original Log Time 2020/05/19-08:31:38.449313) EVENT_LOG_v1 {"time_micros": 1589902298449308, "job": 2, "event": "flush_finished", "output_compression": "Snappy", "lsm_state": [1, 0, 0, 0, 0, 0, 0], "immutable_memtables": 0}
I200519 15:31:38.449395 17 storage/engine/rocksdb.go:120  (Original Log Time 2020/05/19-08:31:38.449328) [db/db_impl_compaction_flush.cc:208] [default] Level summary: files[1 0 0 0 0 0 0] max score 0.50
I200519 15:31:38.449407 17 storage/engine/rocksdb.go:120  [db/db_impl_files.cc:356] [JOB 2] Try to delete WAL files size 59748284, prev total WAL file size 59965339, number of live WAL files 2.
I200519 16:16:41.700208 17 storage/engine/rocksdb.go:120  [db/compaction_job.cc:1647] [default] [JOB 3] Compacting 1@0 files to L0, score 0.00
I200519 16:16:41.700237 17 storage/engine/rocksdb.go:120  [db/compaction_job.cc:1651] [default] Compaction start summary: Base version 2 Base level 0, inputs: [7(458KB)]
I200519 16:16:41.700379 17 storage/engine/rocksdb.go:120  EVENT_LOG_v1 {"time_micros": 1589905001700283, "job": 3, "event": "compaction_started", "compaction_reason": "BottommostFiles", "files_L0": [7], "score": 0, "input_data_size": 469933}
I200519 16:16:41.732763 17 storage/engine/rocksdb.go:120  [db/compaction_job.cc:1334] [default] [JOB 3] Generated table #9: 4452 keys, 398768 bytes
I200519 16:16:41.732813 17 storage/engine/rocksdb.go:120  EVENT_LOG_v1 {"time_micros": 1589905001732775, "cf_name": "default", "job": 3, "event": "table_file_creation", "file_number": 9, "file_size": 398768, "table_properties": {"data_size": 395500, "index_size": 4655, "index_partitions": 0, "top_level_index_size": 0, "index_key_is_user_key": 0, "index_value_is_delta_encoded": 0, "filter_size": 0, "raw_key_size": 188139, "raw_average_key_size": 42, "raw_value_size": 2434531, "raw_average_value_size": 546, "num_data_blocks": 74, "num_entries": 4452, "num_deletions": 0, "num_merge_operands": 0, "num_range_deletions": 0, "format_version": 0, "fixed_key_len": 0, "filter_policy": "rocksdb.BuiltinBloomFilter", "column_family_name": "default", "column_family_id": 0, "comparator": "cockroach_comparator", "merge_operator": "cockroach_merge_operator", "prefix_extractor_name": "cockroach_prefix_extractor", "property_collectors": "[TimeBoundTblPropCollectorFactory,DeleteRangeTblPropCollectorFactory]", "compression": "Snappy", "compression_options": "window_bits=-14; level=32767; strategy=0; max_dict_bytes=0; zstd_max_train_bytes=0; enabled=0; ", "creation_time": 1589902298, "oldest_key_time": 0, "file_creation_time": 1589905001}}
I200519 16:16:41.734948 17 storage/engine/rocksdb.go:120  [db/compaction_job.cc:1397] [default] [JOB 3] Compacted 1@0 files to L0 => 398768 bytes
I200519 16:16:41.735628 17 storage/engine/rocksdb.go:120  (Original Log Time 2020/05/19-09:16:41.735495) [db/compaction_job.cc:770] [default] compacted to: files[1 0 0 0 0 0 0] max score 0.50, MB/sec: 14.5 rd, 12.3 wr, level 0, files in(0, 1) out(1) MB in(0.0, 0.4) out(0.4), read-write-amplify(0.0) write-amplify(0.0) OK, records in: 8848, records dropped: 4396 output_compression: Snappy
I200519 16:16:41.735642 17 storage/engine/rocksdb.go:120  (Original Log Time 2020/05/19-09:16:41.735511) EVENT_LOG_v1 {"time_micros": 1589905001735501, "job": 3, "event": "compaction_finished", "compaction_time_micros": 32510, "compaction_time_cpu_micros": 0, "output_level": 0, "num_output_files": 1, "total_output_size": 398768, "num_input_records": 8848, "num_output_records": 4452, "num_subcompactions": 1, "output_compression": "Snappy", "num_single_delete_mismatches": 0, "num_single_delete_fallthrough": 0, "lsm_state": [1, 0, 0, 0, 0, 0, 0]}
I200519 16:16:41.736175 17 storage/engine/rocksdb.go:120  EVENT_LOG_v1 {"time_micros": 1589905001736159, "job": 3, "event": "table_file_deletion", "file_number": 7}
I200519 16:20:54.349998 924 storage/engine/rocksdb.go:120  [db/db_impl_open.cc:1125] reusing log 3 from recycle list
I200519 16:20:54.350215 924 storage/engine/rocksdb.go:120  [db/db_impl_write.cc:1437] [default] New memtable created with log file: #10. Immutable memtables: 0.
I200519 16:20:54.350516 17 storage/engine/rocksdb.go:120  (Original Log Time 2020/05/19-09:20:54.350407) [db/db_impl_compaction_flush.cc:2097] Calling FlushMemTableToOutputFile with column family [default], flush slots available 1, compaction slots available 1, flush slots scheduled 1, compaction slots scheduled 0
I200519 16:20:54.350533 17 storage/engine/rocksdb.go:120  [db/flush_job.cc:322] [default] [JOB 4] Flushing memtable with next log file: 10
I200519 16:20:54.350603 17 storage/engine/rocksdb.go:120  EVENT_LOG_v1 {"time_micros": 1589905254350569, "job": 4, "event": "flush_started", "num_memtables": 1, "num_entries": 207693, "num_deletes": 4566, "total_data_size": 61095979, "memory_usage": 65041096, "flush_reason": "Write Buffer Full"}
I200519 16:20:54.350614 17 storage/engine/rocksdb.go:120  [db/flush_job.cc:351] [default] [JOB 4] Level-0 flush table #11: started
I200519 16:20:54.661533 17 storage/engine/rocksdb.go:120  EVENT_LOG_v1 {"time_micros": 1589905254661480, "cf_name": "default", "job": 4, "event": "table_file_creation", "file_number": 11, "file_size": 374283, "table_properties": {"data_size": 360971, "index_size": 4713, "index_partitions": 0, "top_level_index_size": 0, "index_key_is_user_key": 0, "index_value_is_delta_encoded": 0, "filter_size": 9669, "raw_key_size": 356376, "raw_average_key_size": 39, "raw_value_size": 2187404, "raw_average_value_size": 244, "num_data_blocks": 72, "num_entries": 8935, "num_deletions": 4527, "num_merge_operands": 4020, "num_range_deletions": 4020, "format_version": 0, "fixed_key_len": 0, "filter_policy": "rocksdb.BuiltinBloomFilter", "column_family_name": "default", "column_family_id": 0, "comparator": "cockroach_comparator", "merge_operator": "cockroach_merge_operator", "prefix_extractor_name": "cockroach_prefix_extractor", "property_collectors": "[TimeBoundTblPropCollectorFactory,DeleteRangeTblPropCollectorFactory]", "compression": "Snappy", "compression_options": "window_bits=-14; level=32767; strategy=0; max_dict_bytes=0; zstd_max_train_bytes=0; enabled=0; ", "creation_time": 1589905254, "oldest_key_time": 1589902298, "file_creation_time": 1589905254}}
I200519 16:20:54.662291 17 storage/engine/rocksdb.go:120  [db/flush_job.cc:392] [default] [JOB 4] Level-0 flush table #11: 374283 bytes OK
I200519 16:20:54.662564 17 storage/engine/rocksdb.go:120  [db/db_impl_files.cc:194] adding log 6 to recycle list
I200519 16:20:54.662579 17 storage/engine/rocksdb.go:120  (Original Log Time 2020/05/19-09:20:54.662312) [db/memtable_list.cc:386] [default] Level-0 commit table #11 started
I200519 16:20:54.662587 17 storage/engine/rocksdb.go:120  (Original Log Time 2020/05/19-09:20:54.662496) [db/memtable_list.cc:434] [default] Level-0 commit table #11: memtable #1 done
I200519 16:20:54.662595 17 storage/engine/rocksdb.go:120  (Original Log Time 2020/05/19-09:20:54.662503) EVENT_LOG_v1 {"time_micros": 1589905254662499, "job": 4, "event": "flush_finished", "output_compression": "Snappy", "lsm_state": [2, 0, 0, 0, 0, 0, 0], "immutable_memtables": 0}
I200519 16:20:54.662605 17 storage/engine/rocksdb.go:120  (Original Log Time 2020/05/19-09:20:54.662529) [db/db_impl_compaction_flush.cc:208] [default] Level summary: files[2 0 0 0 0 0 0] max score 1.00
I200519 16:20:54.662637 17 storage/engine/rocksdb.go:120  [db/compaction_job.cc:1647] [default] [JOB 5] Compacting 2@0 files to L6, score 1.00
I200519 16:20:54.662650 17 storage/engine/rocksdb.go:120  [db/compaction_job.cc:1651] [default] Compaction start summary: Base version 4 Base level 0, inputs: [11(365KB) 9(389KB)]
I200519 16:20:54.662770 17 storage/engine/rocksdb.go:120  EVENT_LOG_v1 {"time_micros": 1589905254662738, "job": 5, "event": "compaction_started", "compaction_reason": "LevelL0FilesNum", "files_L0": [11, 9], "score": 1, "input_data_size": 773051}
I200519 16:20:54.707600 17 storage/engine/rocksdb.go:120  [db/compaction_job.cc:1334] [default] [JOB 5] Generated table #12: 5996 keys, 605656 bytes
I200519 16:20:54.707672 17 storage/engine/rocksdb.go:120  EVENT_LOG_v1 {"time_micros": 1589905254707639, "cf_name": "default", "job": 5, "event": "table_file_creation", "file_number": 12, "file_size": 605656, "table_properties": {"data_size": 600917, "index_size": 8483, "index_partitions": 0, "top_level_index_size": 0, "index_key_is_user_key": 0, "index_value_is_delta_encoded": 0, "filter_size": 0, "raw_key_size": 287851, "raw_average_key_size": 48, "raw_value_size": 4078081, "raw_average_value_size": 680, "num_data_blocks": 130, "num_entries": 5996, "num_deletions": 0, "num_merge_operands": 0, "num_range_deletions": 0, "format_version": 0, "fixed_key_len": 0, "filter_policy": "rocksdb.BuiltinBloomFilter", "column_family_name": "default", "column_family_id": 0, "comparator": "cockroach_comparator", "merge_operator": "cockroach_merge_operator", "prefix_extractor_name": "cockroach_prefix_extractor", "property_collectors": "[TimeBoundTblPropCollectorFactory,DeleteRangeTblPropCollectorFactory]", "compression": "Snappy", "compression_options": "window_bits=-14; level=32767; strategy=0; max_dict_bytes=0; zstd_max_train_bytes=0; enabled=0; ", "creation_time": 1589905254, "oldest_key_time": 0, "file_creation_time": 1589905254}}
I200519 16:20:54.709185 17 storage/engine/rocksdb.go:120  [db/compaction_job.cc:1397] [default] [JOB 5] Compacted 2@0 files to L6 => 605656 bytes
I200519 16:20:54.709213 17 storage/engine/rocksdb.go:120  [db/version_set.cc:3086] More existing levels in DB than needed. max_bytes_for_level_multiplier may not be guaranteed.
I200519 16:20:54.709464 17 storage/engine/rocksdb.go:120  (Original Log Time 2020/05/19-09:20:54.709409) [db/compaction_job.cc:770] [default] compacted to: base level 6 level multiplier 10.00 max bytes base 67108864 files[0 0 0 0 0 0 1] max score 0.00, MB/sec: 17.1 rd, 13.4 wr, level 6, files in(2, 0) out(1) MB in(0.7, 0.0) out(0.6), read-write-amplify(1.8) write-amplify(0.8) OK, records in: 13387, records dropped: 5381 output_compression: Snappy
I200519 16:20:54.709481 17 storage/engine/rocksdb.go:120  (Original Log Time 2020/05/19-09:20:54.709424) EVENT_LOG_v1 {"time_micros": 1589905254709415, "job": 5, "event": "compaction_finished", "compaction_time_micros": 45077, "compaction_time_cpu_micros": 0, "output_level": 6, "num_output_files": 1, "total_output_size": 605656, "num_input_records": 11377, "num_output_records": 5996, "num_subcompactions": 1, "output_compression": "Snappy", "num_single_delete_mismatches": 0, "num_single_delete_fallthrough": 0, "lsm_state": [0, 0, 0, 0, 0, 0, 1]}
I200519 16:20:54.709614 17 storage/engine/rocksdb.go:120  EVENT_LOG_v1 {"time_micros": 1589905254709603, "job": 5, "event": "table_file_deletion", "file_number": 11}
I200519 16:20:54.709723 17 storage/engine/rocksdb.go:120  EVENT_LOG_v1 {"time_micros": 1589905254709713, "job": 5, "event": "table_file_deletion", "file_number": 9}
I200519 16:36:13.831802 1085 storage/engine/rocksdb.go:120  [db/db_impl_open.cc:1125] reusing log 6 from recycle list
I200519 16:36:13.832035 1085 storage/engine/rocksdb.go:120  [db/db_impl_write.cc:1437] [default] New memtable created with log file: #13. Immutable memtables: 0.
I200519 16:36:13.832244 17 storage/engine/rocksdb.go:120  (Original Log Time 2020/05/19-09:36:13.832198) [db/db_impl_compaction_flush.cc:2097] Calling FlushMemTableToOutputFile with column family [default], flush slots available 1, compaction slots available 1, flush slots scheduled 1, compaction slots scheduled 0
I200519 16:36:13.832260 17 storage/engine/rocksdb.go:120  [db/flush_job.cc:322] [default] [JOB 6] Flushing memtable with next log file: 13
I200519 16:36:13.832298 17 storage/engine/rocksdb.go:120  EVENT_LOG_v1 {"time_micros": 1589906173832276, "job": 6, "event": "flush_started", "num_memtables": 1, "num_entries": 207742, "num_deletes": 3507, "total_data_size": 61282303, "memory_usage": 65080104, "flush_reason": "Write Buffer Full"}
I200519 16:36:13.832311 17 storage/engine/rocksdb.go:120  [db/flush_job.cc:351] [default] [JOB 6] Level-0 flush table #14: started
I200519 16:36:14.191351 17 storage/engine/rocksdb.go:120  EVENT_LOG_v1 {"time_micros": 1589906174191298, "cf_name": "default", "job": 6, "event": "table_file_creation", "file_number": 14, "file_size": 342997, "table_properties": {"data_size": 332473, "index_size": 4542, "index_partitions": 0, "top_level_index_size": 0, "index_key_is_user_key": 0, "index_value_is_delta_encoded": 0, "filter_size": 7109, "raw_key_size": 224122, "raw_average_key_size": 35, "raw_value_size": 2200791, "raw_average_value_size": 349, "num_data_blocks": 69, "num_entries": 6291, "num_deletions": 3465, "num_merge_operands": 2010, "num_range_deletions": 2010, "format_version": 0, "fixed_key_len": 0, "filter_policy": "rocksdb.BuiltinBloomFilter", "column_family_name": "default", "column_family_id": 0, "comparator": "cockroach_comparator", "merge_operator": "cockroach_merge_operator", "prefix_extractor_name": "cockroach_prefix_extractor", "property_collectors": "[TimeBoundTblPropCollectorFactory,DeleteRangeTblPropCollectorFactory]", "compression": "Snappy", "compression_options": "window_bits=-14; level=32767; strategy=0; max_dict_bytes=0; zstd_max_train_bytes=0; enabled=0; ", "creation_time": 1589906173, "oldest_key_time": 1589905254, "file_creation_time": 1589906173}}
I200519 16:36:14.191375 17 storage/engine/rocksdb.go:120  [db/flush_job.cc:392] [default] [JOB 6] Level-0 flush table #14: 342997 bytes OK
I200519 16:36:14.191414 17 storage/engine/rocksdb.go:120  [db/version_set.cc:3086] More existing levels in DB than needed. max_bytes_for_level_multiplier may not be guaranteed.
I200519 16:36:14.191664 17 storage/engine/rocksdb.go:120  [db/db_impl_files.cc:194] adding log 10 to recycle list
I200519 16:36:14.191679 17 storage/engine/rocksdb.go:120  (Original Log Time 2020/05/19-09:36:14.191388) [db/memtable_list.cc:386] [default] Level-0 commit table #14 started
I200519 16:36:14.191687 17 storage/engine/rocksdb.go:120  (Original Log Time 2020/05/19-09:36:14.191576) [db/memtable_list.cc:434] [default] Level-0 commit table #14: memtable #1 done
I200519 16:36:14.191695 17 storage/engine/rocksdb.go:120  (Original Log Time 2020/05/19-09:36:14.191588) EVENT_LOG_v1 {"time_micros": 1589906174191581, "job": 6, "event": "flush_finished", "output_compression": "Snappy", "lsm_state": [1, 0, 0, 0, 0, 0, 1], "immutable_memtables": 0}
I200519 16:36:14.191707 17 storage/engine/rocksdb.go:120  (Original Log Time 2020/05/19-09:36:14.191619) [db/db_impl_compaction_flush.cc:208] [default] Level summary: base level 6 level multiplier 10.00 max bytes base 67108864 files[1 0 0 0 0 0 1] max score 0.50
I200519 16:51:24.530323 1073 storage/engine/rocksdb.go:120  [db/db_impl_open.cc:1125] reusing log 10 from recycle list
I200519 16:51:24.530524 1073 storage/engine/rocksdb.go:120  [db/db_impl_write.cc:1437] [default] New memtable created with log file: #15. Immutable memtables: 0.
I200519 16:51:24.530715 17 storage/engine/rocksdb.go:120  (Original Log Time 2020/05/19-09:51:24.530674) [db/db_impl_compaction_flush.cc:2097] Calling FlushMemTableToOutputFile with column family [default], flush slots available 1, compaction slots available 1, flush slots scheduled 1, compaction slots scheduled 0
I200519 16:51:24.530729 17 storage/engine/rocksdb.go:120  [db/flush_job.cc:322] [default] [JOB 7] Flushing memtable with next log file: 15
I200519 16:51:24.530773 17 storage/engine/rocksdb.go:120  EVENT_LOG_v1 {"time_micros": 1589907084530748, "job": 7, "event": "flush_started", "num_memtables": 1, "num_entries": 206951, "num_deletes": 3488, "total_data_size": 61206348, "memory_usage": 65023720, "flush_reason": "Write Buffer Full"}
I200519 16:51:24.530785 17 storage/engine/rocksdb.go:120  [db/flush_job.cc:351] [default] [JOB 7] Level-0 flush table #16: started
I200519 16:51:24.885463 17 storage/engine/rocksdb.go:120  EVENT_LOG_v1 {"time_micros": 1589907084885409, "cf_name": "default", "job": 7, "event": "table_file_creation", "file_number": 16, "file_size": 350699, "table_properties": {"data_size": 340151, "index_size": 4579, "index_partitions": 0, "top_level_index_size": 0, "index_key_is_user_key": 0, "index_value_is_delta_encoded": 0, "filter_size": 7109, "raw_key_size": 222882, "raw_average_key_size": 35, "raw_value_size": 2274421, "raw_average_value_size": 364, "num_data_blocks": 70, "num_entries": 6242, "num_deletions": 3446, "num_merge_operands": 2010, "num_range_deletions": 2010, "format_version": 0, "fixed_key_len": 0, "filter_policy": "rocksdb.BuiltinBloomFilter", "column_family_name": "default", "column_family_id": 0, "comparator": "cockroach_comparator", "merge_operator": "cockroach_merge_operator", "prefix_extractor_name": "cockroach_prefix_extractor", "property_collectors": "[TimeBoundTblPropCollectorFactory,DeleteRangeTblPropCollectorFactory]", "compression": "Snappy", "compression_options": "window_bits=-14; level=32767; strategy=0; max_dict_bytes=0; zstd_max_train_bytes=0; enabled=0; ", "creation_time": 1589907084, "oldest_key_time": 1589906173, "file_creation_time": 1589907084}}
I200519 16:51:24.885510 17 storage/engine/rocksdb.go:120  [db/flush_job.cc:392] [default] [JOB 7] Level-0 flush table #16: 350699 bytes OK
I200519 16:51:24.885612 17 storage/engine/rocksdb.go:120  [db/version_set.cc:3086] More existing levels in DB than needed. max_bytes_for_level_multiplier may not be guaranteed.
I200519 16:51:24.886005 17 storage/engine/rocksdb.go:120  [db/db_impl_files.cc:194] adding log 13 to recycle list
I200519 16:51:24.886045 17 storage/engine/rocksdb.go:120  (Original Log Time 2020/05/19-09:51:24.885554) [db/memtable_list.cc:386] [default] Level-0 commit table #16 started
I200519 16:51:24.886063 17 storage/engine/rocksdb.go:120  (Original Log Time 2020/05/19-09:51:24.885860) [db/memtable_list.cc:434] [default] Level-0 commit table #16: memtable #1 done
I200519 16:51:24.886082 17 storage/engine/rocksdb.go:120  (Original Log Time 2020/05/19-09:51:24.885879) EVENT_LOG_v1 {"time_micros": 1589907084885869, "job": 7, "event": "flush_finished", "output_compression": "Snappy", "lsm_state": [2, 0, 0, 0, 0, 0, 1], "immutable_memtables": 0}
I200519 16:51:24.886103 17 storage/engine/rocksdb.go:120  (Original Log Time 2020/05/19-09:51:24.885924) [db/db_impl_compaction_flush.cc:208] [default] Level summary: base level 6 level multiplier 10.00 max bytes base 67108864 files[2 0 0 0 0 0 1] max score 1.00
I200519 16:51:24.886197 17 storage/engine/rocksdb.go:120  [db/compaction_job.cc:1647] [default] [JOB 8] Compacting 2@0 + 1@6 files to L6, score 1.00
I200519 16:51:24.886455 17 storage/engine/rocksdb.go:120  [db/compaction_job.cc:1651] [default] Compaction start summary: Base version 7 Base level 0, inputs: [16(342KB) 14(334KB)], [12(591KB)]
I200519 16:51:24.886544 17 storage/engine/rocksdb.go:120  EVENT_LOG_v1 {"time_micros": 1589907084886490, "job": 8, "event": "compaction_started", "compaction_reason": "LevelL0FilesNum", "files_L0": [16, 14], "files_L6": [12], "score": 1, "input_data_size": 1299352}
I200519 16:51:24.931953 17 storage/engine/rocksdb.go:120  [db/compaction_job.cc:1334] [default] [JOB 8] Generated table #17: 7278 keys, 1111339 bytes
I200519 16:51:24.931991 17 storage/engine/rocksdb.go:120  EVENT_LOG_v1 {"time_micros": 1589907084931966, "cf_name": "default", "job": 8, "event": "table_file_creation", "file_number": 17, "file_size": 1111339, "table_properties": {"data_size": 1103883, "index_size": 16741, "index_partitions": 0, "top_level_index_size": 0, "index_key_is_user_key": 0, "index_value_is_delta_encoded": 0, "filter_size": 0, "raw_key_size": 325984, "raw_average_key_size": 44, "raw_value_size": 7891813, "raw_average_value_size": 1084, "num_data_blocks": 250, "num_entries": 7278, "num_deletions": 0, "num_merge_operands": 0, "num_range_deletions": 0, "format_version": 0, "fixed_key_len": 0, "filter_policy": "rocksdb.BuiltinBloomFilter", "column_family_name": "default", "column_family_id": 0, "comparator": "cockroach_comparator", "merge_operator": "cockroach_merge_operator", "prefix_extractor_name": "cockroach_prefix_extractor", "property_collectors": "[TimeBoundTblPropCollectorFactory,DeleteRangeTblPropCollectorFactory]", "compression": "Snappy", "compression_options": "window_bits=-14; level=32767; strategy=0; max_dict_bytes=0; zstd_max_train_bytes=0; enabled=0; ", "creation_time": 1589907084, "oldest_key_time": 0, "file_creation_time": 1589907084}}
I200519 16:51:24.933317 17 storage/engine/rocksdb.go:120  [db/compaction_job.cc:1397] [default] [JOB 8] Compacted 2@0 + 1@6 files to L6 => 1111339 bytes
I200519 16:51:24.933350 17 storage/engine/rocksdb.go:120  [db/version_set.cc:3086] More existing levels in DB than needed. max_bytes_for_level_multiplier may not be guaranteed.
I200519 16:51:24.933575 17 storage/engine/rocksdb.go:120  (Original Log Time 2020/05/19-09:51:24.933513) [db/compaction_job.cc:770] [default] compacted to: base level 6 level multiplier 10.00 max bytes base 67108864 files[0 0 0 0 0 0 1] max score 0.00, MB/sec: 28.5 rd, 24.4 wr, level 6, files in(2, 1) out(1) MB in(0.7, 0.6) out(1.1), read-write-amplify(3.5) write-amplify(1.6) OK, records in: 18529, records dropped: 7231 output_compression: Snappy
I200519 16:51:24.933588 17 storage/engine/rocksdb.go:120  (Original Log Time 2020/05/19-09:51:24.933528) EVENT_LOG_v1 {"time_micros": 1589907084933519, "job": 8, "event": "compaction_finished", "compaction_time_micros": 45538, "compaction_time_cpu_micros": 0, "output_level": 6, "num_output_files": 1, "total_output_size": 1111339, "num_input_records": 14509, "num_output_records": 7278, "num_subcompactions": 1, "output_compression": "Snappy", "num_single_delete_mismatches": 0, "num_single_delete_fallthrough": 0, "lsm_state": [0, 0, 0, 0, 0, 0, 1]}
I200519 16:51:24.933731 17 storage/engine/rocksdb.go:120  EVENT_LOG_v1 {"time_micros": 1589907084933718, "job": 8, "event": "table_file_deletion", "file_number": 16}
I200519 16:51:24.933871 17 storage/engine/rocksdb.go:120  EVENT_LOG_v1 {"time_micros": 1589907084933859, "job": 8, "event": "table_file_deletion", "file_number": 14}
I200519 16:51:24.935115 17 storage/engine/rocksdb.go:120  EVENT_LOG_v1 {"time_micros": 1589907084935098, "job": 8, "event": "table_file_deletion", "file_number": 12}
